Log file open, 03/02/20 16:06:52
LogWindows: Failed to load 'aqProf.dll' (GetLastError=126)
LogWindows: File 'aqProf.dll' does not exist
LogWindows: Failed to load 'VtuneApi.dll' (GetLastError=126)
LogWindows: File 'VtuneApi.dll' does not exist
LogWindows: Failed to load 'VtuneApi32e.dll' (GetLastError=126)
LogWindows: File 'VtuneApi32e.dll' does not exist
LogConsoleResponse: Display: Failed to find resolution value strings in scalability ini. Falling back to default.
LogInit: Display: Running engine for game: PlataformasMiJo
LogPlatformFile: Not using cached read wrapper
LogTaskGraph: Started task graph with 5 named threads and 23 total threads with 3 sets of task threads.
LogStats: Stats thread started at 0.142547
LogD3D11RHI: Loaded GFSDK_Aftermath_Lib.x64.dll
LogICUInternationalization: ICU TimeZone Detection - Raw Offset: +1:00, Platform Override: ''
LogPluginManager: Mounting plugin Paper2D
LogPluginManager: Mounting plugin AISupport
LogPluginManager: Mounting plugin LightPropagationVolume
LogPluginManager: Mounting plugin ActorLayerUtilities
LogPluginManager: Mounting plugin AnimationSharing
LogPluginManager: Mounting plugin CLionSourceCodeAccess
LogPluginManager: Mounting plugin CodeLiteSourceCodeAccess
LogPluginManager: Mounting plugin GitSourceControl
LogPluginManager: Mounting plugin KDevelopSourceCodeAccess
LogPluginManager: Mounting plugin NullSourceCodeAccess
LogPluginManager: Mounting plugin PerforceSourceControl
LogPluginManager: Mounting plugin PlasticSourceControl
LogPluginManager: Mounting plugin SubversionSourceControl
LogPluginManager: Mounting plugin UObjectPlugin
LogPluginManager: Mounting plugin VisualStudioCodeSourceCodeAccess
LogPluginManager: Mounting plugin VisualStudioSourceCodeAccess
LogPluginManager: Mounting plugin XCodeSourceCodeAccess
LogPluginManager: Mounting plugin AssetManagerEditor
LogPluginManager: Mounting plugin CryptoKeys
LogPluginManager: Mounting plugin CurveEditorTools
LogPluginManager: Mounting plugin DataValidation
LogPluginManager: Mounting plugin FacialAnimation
LogPluginManager: Mounting plugin GameplayTagsEditor
LogPluginManager: Mounting plugin MacGraphicsSwitching
LogPluginManager: Mounting plugin MaterialAnalyzer
LogPluginManager: Mounting plugin MobileLauncherProfileWizard
LogPluginManager: Mounting plugin PluginBrowser
LogPluginManager: Mounting plugin SpeedTreeImporter
LogPluginManager: Mounting plugin DatasmithContent
LogPluginManager: Mounting plugin VariantManagerContent
LogPluginManager: Mounting plugin AlembicImporter
LogPluginManager: Mounting plugin AutomationUtils
LogPluginManager: Mounting plugin BackChannel
LogPluginManager: Mounting plugin CharacterAI
LogPluginManager: Mounting plugin GeometryCache
LogPluginManager: Mounting plugin PlatformCrypto
LogPluginManager: Mounting plugin ProxyLODPlugin
LogPluginManager: Mounting plugin SkeletalReduction
LogPluginManager: Mounting plugin MagicLeap
LogPluginManager: Mounting plugin MagicLeapMedia
LogPluginManager: Mounting plugin MLSDK
LogPluginManager: Mounting plugin AndroidMedia
LogPluginManager: Mounting plugin AvfMedia
LogPluginManager: Mounting plugin ImgMedia
LogPluginManager: Mounting plugin MediaCompositing
LogPluginManager: Mounting plugin MediaPlayerEditor
LogPluginManager: Mounting plugin WebMMedia
LogPluginManager: Mounting plugin WmfMedia
LogPluginManager: Mounting plugin TcpMessaging
LogPluginManager: Mounting plugin UdpMessaging
LogPluginManager: Mounting plugin ActorSequence
LogPluginManager: Mounting plugin LevelSequenceEditor
LogPluginManager: Mounting plugin MatineeToLevelSequence
LogPluginManager: Mounting plugin NetcodeUnitTest
LogPluginManager: Mounting plugin NUTUnrealEngine4
LogPluginManager: Mounting plugin OnlineSubsystemGooglePlay
LogPluginManager: Mounting plugin OnlineSubsystemIOS
LogPluginManager: Mounting plugin OnlineSubsystem
LogPluginManager: Mounting plugin OnlineSubsystemNull
LogPluginManager: Mounting plugin OnlineSubsystemUtils
LogPluginManager: Mounting plugin LauncherChunkInstaller
LogPluginManager: Mounting plugin AndroidDeviceProfileSelector
LogPluginManager: Mounting plugin AndroidMoviePlayer
LogPluginManager: Mounting plugin AndroidPermission
LogPluginManager: Mounting plugin AppleImageUtils
LogPluginManager: Mounting plugin AppleMoviePlayer
LogPluginManager: Mounting plugin ArchVisCharacter
LogPluginManager: Mounting plugin AssetTags
LogPluginManager: Mounting plugin AudioCapture
LogPluginManager: Mounting plugin CableComponent
LogPluginManager: Mounting plugin CustomMeshComponent
LogPluginManager: Mounting plugin EditableMesh
LogPluginManager: Mounting plugin ExampleDeviceProfileSelector
LogPluginManager: Mounting plugin GoogleCloudMessaging
LogPluginManager: Mounting plugin IOSDeviceProfileSelector
LogPluginManager: Mounting plugin LinuxDeviceProfileSelector
LogPluginManager: Mounting plugin LocationServicesBPLibrary
LogPluginManager: Mounting plugin MobilePatchingUtils
LogPluginManager: Mounting plugin OculusVR
LogPluginManager: Mounting plugin PhysXVehicles
LogPluginManager: Mounting plugin PostSplashScreen
LogPluginManager: Mounting plugin ProceduralMeshComponent
LogPluginManager: Mounting plugin RuntimePhysXCooking
LogPluginManager: Mounting plugin SignificanceManager
LogPluginManager: Mounting plugin SteamVR
LogPluginManager: Mounting plugin WebMMoviePlayer
LogPluginManager: Mounting plugin WindowsMoviePlayer
LogPluginManager: Mounting plugin ScreenshotTools
LogInit: Using libcurl 7.55.1-DEV
LogInit:  - built for x86_64-pc-win32
LogInit:  - supports SSL with OpenSSL/1.1.1
LogInit:  - supports HTTP deflate (compression) using libz 1.2.8
LogInit:  - other features:
LogInit:      CURL_VERSION_SSL
LogInit:      CURL_VERSION_LIBZ
LogInit:      CURL_VERSION_IPV6
LogInit:      CURL_VERSION_ASYNCHDNS
LogInit:      CURL_VERSION_LARGEFILE
LogInit:      CURL_VERSION_IDN
LogInit:  CurlRequestOptions (configurable via config and command line):
LogInit:  - bVerifyPeer = true  - Libcurl will verify peer certificate
LogInit:  - bUseHttpProxy = false  - Libcurl will NOT use HTTP proxy
LogInit:  - bDontReuseConnections = false  - Libcurl will reuse connections
LogInit:  - MaxHostConnections = 16  - Libcurl will limit the number of connections to a host
LogInit:  - LocalHostAddr = Default
LogInit:  - BufferSize = 65536
LogOnline: OSS: Creating online subsystem instance for: NULL
LogInit: WinSock: version 1.1 (2.2), MaxSocks=32767, MaxUdp=65467
LogOnline: OSS: TryLoadSubsystemAndSetDefault: Loaded subsystem for module [NULL]
LogInit: Build: ++UE4+Release-4.24-CL-11100242
LogInit: Engine Version: 4.24.2-11100242+++UE4+Release-4.24
LogInit: Compatible Engine Version: 4.24.0-10570792+++UE4+Release-4.24
LogInit: Net CL: 10570792
LogInit: OS: Windows 10 (Release 1903) (), CPU: Intel(R) Core(TM) i7-6700HQ CPU @ 2.60GHz, GPU: Intel(R) HD Graphics 530
LogInit: Compiled (64-bit): Jan 24 2020 02:05:53
LogInit: Compiled with Visual C++: 19.16.27032.01
LogInit: Build Configuration: Development
LogInit: Branch Name: ++UE4+Release-4.24
LogInit: Command Line: 
LogInit: Base Directory: D:/Program Files/Epic Games/UE_4.24/Engine/Binaries/Win64/
LogInit: Installed Engine Build: 1
LogDevObjectVersion: Number of dev versions registered: 25
LogDevObjectVersion:   Dev-Blueprints (B0D832E4-1F89-4F0D-ACCF-7EB736FD4AA2): 10
LogDevObjectVersion:   Dev-Build (E1C64328-A22C-4D53-A36C-8E866417BD8C): 0
LogDevObjectVersion:   Dev-Core (375EC13C-06E4-48FB-B500-84F0262A717E): 3
LogDevObjectVersion:   Dev-Editor (E4B068ED-F494-42E9-A231-DA0B2E46BB41): 37
LogDevObjectVersion:   Dev-Framework (CFFC743F-43B0-4480-9391-14DF171D2073): 36
LogDevObjectVersion:   Dev-Mobile (B02B49B5-BB20-44E9-A304-32B752E40360): 2
LogDevObjectVersion:   Dev-Networking (A4E4105C-59A1-49B5-A7C5-40C4547EDFEE): 0
LogDevObjectVersion:   Dev-Online (39C831C9-5AE6-47DC-9A44-9C173E1C8E7C): 0
LogDevObjectVersion:   Dev-Physics (78F01B33-EBEA-4F98-B9B4-84EACCB95AA2): 2
LogDevObjectVersion:   Dev-Platform (6631380F-2D4D-43E0-8009-CF276956A95A): 0
LogDevObjectVersion:   Dev-Rendering (12F88B9F-8875-4AFC-A67C-D90C383ABD29): 36
LogDevObjectVersion:   Dev-Sequencer (7B5AE74C-D270-4C10-A958-57980B212A5A): 11
LogDevObjectVersion:   Dev-VR (D7296918-1DD6-4BDD-9DE2-64A83CC13884): 2
LogDevObjectVersion:   Dev-LoadTimes (C2A15278-BFE7-4AFE-6C17-90FF531DF755): 1
LogDevObjectVersion:   Private-Geometry (6EACA3D4-40EC-4CC1-B786-8BED09428FC5): 3
LogDevObjectVersion:   Dev-AnimPhys (29E575DD-E0A3-4627-9D10-D276232CDCEA): 17
LogDevObjectVersion:   Dev-Anim (AF43A65D-7FD3-4947-9873-3E8ED9C1BB05): 2
LogDevObjectVersion:   Dev-ReflectionCapture (6B266CEC-1EC7-4B8F-A30B-E4D90942FC07): 1
LogDevObjectVersion:   Dev-Automation (0DF73D61-A23F-47EA-B727-89E90C41499A): 1
LogDevObjectVersion:   FortniteMain (601D1886-AC64-4F84-AA16-D3DE0DEAC7D6): 31
LogDevObjectVersion:   Dev-Enterprise (9DFFBCD6-494F-0158-E221-12823C92A888): 8
LogDevObjectVersion:   Dev-Niagara (F2AED0AC-9AFE-416F-8664-AA7FFA26D6FC): 1
LogDevObjectVersion:   Dev-Destruction (174F1F0B-B4C6-45A5-B13F-2EE8D0FB917D): 9
LogDevObjectVersion:   Dev-Physics-Ext (35F94A83-E258-406C-A318-09F59610247C): 8
LogDevObjectVersion:   Dev-CineCamera (B2E18506-4273-CFC2-A54E-F4BB758BBA07): 1
LogInit: Presizing for max 25165824 objects, including 0 objects not considered by GC, pre-allocating 0 bytes for permanent pool.
LogInit: Object subsystem initialized
LogConfig: Setting CVar [[con.DebugEarlyDefault:1]]
LogConfig: Setting CVar [[r.setres:1280x720]]
[2020.03.02-15.06.53:413][  0]LogConfig: Setting CVar [[r.VSync:0]]
[2020.03.02-15.06.53:413][  0]LogConfig: Setting CVar [[r.RHICmdBypass:0]]
[2020.03.02-15.06.53:413][  0]LogConfig: Applying CVar settings from Section [/Script/Engine.RendererSettings] File [D:/Documents/UnrealPlataformJoseMiki/PlataformasMiJo/Saved/Config/Windows/Engine.ini]
[2020.03.02-15.06.53:413][  0]LogConfig: Setting CVar [[r.GPUCrashDebugging:0]]
[2020.03.02-15.06.53:413][  0]LogConfig: Applying CVar settings from Section [/Script/Engine.RendererOverrideSettings] File [D:/Documents/UnrealPlataformJoseMiki/PlataformasMiJo/Saved/Config/Windows/Engine.ini]
[2020.03.02-15.06.53:413][  0]LogConfig: Applying CVar settings from Section [/Script/Engine.StreamingSettings] File [D:/Documents/UnrealPlataformJoseMiki/PlataformasMiJo/Saved/Config/Windows/Engine.ini]
[2020.03.02-15.06.53:413][  0]LogConfig: Setting CVar [[s.MinBulkDataSizeForAsyncLoading:131072]]
[2020.03.02-15.06.53:413][  0]LogConfig: Setting CVar [[s.AsyncLoadingThreadEnabled:0]]
[2020.03.02-15.06.53:413][  0]LogConfig: Setting CVar [[s.EventDrivenLoaderEnabled:1]]
[2020.03.02-15.06.53:413][  0]LogConfig: Setting CVar [[s.WarnIfTimeLimitExceeded:0]]
[2020.03.02-15.06.53:413][  0]LogConfig: Setting CVar [[s.TimeLimitExceededMultiplier:1.5]]
[2020.03.02-15.06.53:413][  0]LogConfig: Setting CVar [[s.TimeLimitExceededMinTime:0.005]]
[2020.03.02-15.06.53:414][  0]LogConfig: Setting CVar [[s.UseBackgroundLevelStreaming:1]]
[2020.03.02-15.06.53:414][  0]LogConfig: Setting CVar [[s.PriorityAsyncLoadingExtraTime:15.0]]
[2020.03.02-15.06.53:414][  0]LogConfig: Setting CVar [[s.LevelStreamingActorsUpdateTimeLimit:5.0]]
[2020.03.02-15.06.53:414][  0]LogConfig: Setting CVar [[s.PriorityLevelStreamingActorsUpdateExtraTime:5.0]]
[2020.03.02-15.06.53:414][  0]LogConfig: Setting CVar [[s.LevelStreamingComponentsRegistrationGranularity:10]]
[2020.03.02-15.06.53:414][  0]LogConfig: Setting CVar [[s.UnregisterComponentsTimeLimit:1.0]]
[2020.03.02-15.06.53:414][  0]LogConfig: Setting CVar [[s.LevelStreamingComponentsUnregistrationGranularity:5]]
[2020.03.02-15.06.53:414][  0]LogConfig: Setting CVar [[s.FlushStreamingOnExit:1]]
[2020.03.02-15.06.53:414][  0]LogConfig: Applying CVar settings from Section [/Script/Engine.GarbageCollectionSettings] File [D:/Documents/UnrealPlataformJoseMiki/PlataformasMiJo/Saved/Config/Windows/Engine.ini]
[2020.03.02-15.06.53:414][  0]LogConfig: Setting CVar [[gc.MaxObjectsNotConsideredByGC:1]]
[2020.03.02-15.06.53:414][  0]LogConfig: Setting CVar [[gc.SizeOfPermanentObjectPool:0]]
[2020.03.02-15.06.53:414][  0]LogConfig: Setting CVar [[gc.FlushStreamingOnGC:0]]
[2020.03.02-15.06.53:414][  0]LogConfig: Setting CVar [[gc.NumRetriesBeforeForcingGC:10]]
[2020.03.02-15.06.53:414][  0]LogConfig: Setting CVar [[gc.AllowParallelGC:1]]
[2020.03.02-15.06.53:414][  0]LogConfig: Setting CVar [[gc.TimeBetweenPurgingPendingKillObjects:61.1]]
[2020.03.02-15.06.53:415][  0]LogConfig: Setting CVar [[gc.MaxObjectsInEditor:25165824]]
[2020.03.02-15.06.53:415][  0]LogConfig: Setting CVar [[gc.IncrementalBeginDestroyEnabled:1]]
[2020.03.02-15.06.53:415][  0]LogConfig: Setting CVar [[gc.CreateGCClusters:1]]
[2020.03.02-15.06.53:415][  0]LogConfig: Setting CVar [[gc.MinGCClusterSize:5]]
[2020.03.02-15.06.53:415][  0]LogConfig: Setting CVar [[gc.ActorClusteringEnabled:0]]
[2020.03.02-15.06.53:415][  0]LogConfig: Setting CVar [[gc.BlueprintClusteringEnabled:0]]
[2020.03.02-15.06.53:415][  0]LogConfig: Setting CVar [[gc.UseDisregardForGCOnDedicatedServers:0]]
[2020.03.02-15.06.53:415][  0]LogConfig: Applying CVar settings from Section [/Script/Engine.NetworkSettings] File [D:/Documents/UnrealPlataformJoseMiki/PlataformasMiJo/Saved/Config/Windows/Engine.ini]
[2020.03.02-15.06.53:415][  0]LogConfig: Applying CVar settings from Section [/Script/UnrealEd.CookerSettings] File [D:/Documents/UnrealPlataformJoseMiki/PlataformasMiJo/Saved/Config/Windows/Engine.ini]
[2020.03.02-15.06.53:423][  0]LogConfig: Applying CVar settings from Section [ViewDistanceQuality@3] File [D:/Documents/UnrealPlataformJoseMiki/PlataformasMiJo/Saved/Config/Windows/Scalability.ini]
[2020.03.02-15.06.53:424][  0]LogConfig: Setting CVar [[r.SkeletalMeshLODBias:0]]
[2020.03.02-15.06.53:424][  0]LogConfig: Setting CVar [[r.ViewDistanceScale:1.0]]
[2020.03.02-15.06.53:424][  0]LogConfig: Applying CVar settings from Section [AntiAliasingQuality@3] File [D:/Documents/UnrealPlataformJoseMiki/PlataformasMiJo/Saved/Config/Windows/Scalability.ini]
[2020.03.02-15.06.53:424][  0]LogConfig: Setting CVar [[r.PostProcessAAQuality:4]]
[2020.03.02-15.06.53:424][  0]LogConfig: Applying CVar settings from Section [ShadowQuality@3] File [D:/Documents/UnrealPlataformJoseMiki/PlataformasMiJo/Saved/Config/Windows/Scalability.ini]
[2020.03.02-15.06.53:424][  0]LogConfig: Setting CVar [[r.LightFunctionQuality:1]]
[2020.03.02-15.06.53:424][  0]LogConfig: Setting CVar [[r.ShadowQuality:5]]
[2020.03.02-15.06.53:424][  0]LogConfig: Setting CVar [[r.Shadow.CSM.MaxCascades:10]]
[2020.03.02-15.06.53:424][  0]LogConfig: Setting CVar [[r.Shadow.MaxResolution:2048]]
[2020.03.02-15.06.53:424][  0]LogConfig: Setting CVar [[r.Shadow.MaxCSMResolution:2048]]
[2020.03.02-15.06.53:424][  0]LogConfig: Setting CVar [[r.Shadow.RadiusThreshold:0.01]]
[2020.03.02-15.06.53:424][  0]LogConfig: Setting CVar [[r.Shadow.DistanceScale:1.0]]
[2020.03.02-15.06.53:424][  0]LogConfig: Setting CVar [[r.Shadow.CSM.TransitionScale:1.0]]
[2020.03.02-15.06.53:424][  0]LogConfig: Setting CVar [[r.Shadow.PreShadowResolutionFactor:1.0]]
[2020.03.02-15.06.53:424][  0]LogConfig: Setting CVar [[r.DistanceFieldShadowing:1]]
[2020.03.02-15.06.53:425][  0]LogConfig: Setting CVar [[r.DistanceFieldAO:1]]
[2020.03.02-15.06.53:425][  0]LogConfig: Setting CVar [[r.AOQuality:2]]
[2020.03.02-15.06.53:425][  0]LogConfig: Setting CVar [[r.VolumetricFog:1]]
[2020.03.02-15.06.53:425][  0]LogConfig: Setting CVar [[r.VolumetricFog.GridPixelSize:8]]
[2020.03.02-15.06.53:425][  0]LogConfig: Setting CVar [[r.VolumetricFog.GridSizeZ:128]]
[2020.03.02-15.06.53:425][  0]LogConfig: Setting CVar [[r.VolumetricFog.HistoryMissSupersampleCount:4]]
[2020.03.02-15.06.53:425][  0]LogConfig: Setting CVar [[r.LightMaxDrawDistanceScale:1]]
[2020.03.02-15.06.53:425][  0]LogConfig: Setting CVar [[r.CapsuleShadows:1]]
[2020.03.02-15.06.53:425][  0]LogConfig: Applying CVar settings from Section [PostProcessQuality@3] File [D:/Documents/UnrealPlataformJoseMiki/PlataformasMiJo/Saved/Config/Windows/Scalability.ini]
[2020.03.02-15.06.53:425][  0]LogConfig: Setting CVar [[r.MotionBlurQuality:4]]
[2020.03.02-15.06.53:425][  0]LogConfig: Setting CVar [[r.AmbientOcclusionMipLevelFactor:0.4]]
[2020.03.02-15.06.53:425][  0]LogConfig: Setting CVar [[r.AmbientOcclusionMaxQuality:100]]
[2020.03.02-15.06.53:425][  0]LogConfig: Setting CVar [[r.AmbientOcclusionLevels:-1]]
[2020.03.02-15.06.53:425][  0]LogConfig: Setting CVar [[r.AmbientOcclusionRadiusScale:1.0]]
[2020.03.02-15.06.53:425][  0]LogConfig: Setting CVar [[r.DepthOfFieldQuality:2]]
[2020.03.02-15.06.53:425][  0]LogConfig: Setting CVar [[r.RenderTargetPoolMin:400]]
[2020.03.02-15.06.53:425][  0]LogConfig: Setting CVar [[r.LensFlareQuality:2]]
[2020.03.02-15.06.53:426][  0]LogConfig: Setting CVar [[r.SceneColorFringeQuality:1]]
[2020.03.02-15.06.53:426][  0]LogConfig: Setting CVar [[r.EyeAdaptationQuality:2]]
[2020.03.02-15.06.53:426][  0]LogConfig: Setting CVar [[r.BloomQuality:5]]
[2020.03.02-15.06.53:426][  0]LogConfig: Setting CVar [[r.FastBlurThreshold:100]]
[2020.03.02-15.06.53:426][  0]LogConfig: Setting CVar [[r.Upscale.Quality:3]]
[2020.03.02-15.06.53:426][  0]LogConfig: Setting CVar [[r.Tonemapper.GrainQuantization:1]]
[2020.03.02-15.06.53:426][  0]LogConfig: Setting CVar [[r.LightShaftQuality:1]]
[2020.03.02-15.06.53:426][  0]LogConfig: Setting CVar [[r.Filter.SizeScale:1]]
[2020.03.02-15.06.53:426][  0]LogConfig: Setting CVar [[r.Tonemapper.Quality:5]]
[2020.03.02-15.06.53:426][  0]LogConfig: Setting CVar [[r.DOF.Gather.AccumulatorQuality:1        ; higher gathering accumulator quality]]
[2020.03.02-15.06.53:427][  0]LogConfig: Setting CVar [[r.DOF.Gather.PostfilterMethod:1          ; Median3x3 postfilering method]]
[2020.03.02-15.06.53:427][  0]LogConfig: Setting CVar [[r.DOF.Gather.EnableBokehSettings:0       ; no bokeh simulation when gathering]]
[2020.03.02-15.06.53:427][  0]LogConfig: Setting CVar [[r.DOF.Gather.RingCount:4                 ; medium number of samples when gathering]]
[2020.03.02-15.06.53:427][  0]LogConfig: Setting CVar [[r.DOF.Scatter.ForegroundCompositing:1    ; additive foreground scattering]]
[2020.03.02-15.06.53:427][  0]LogConfig: Setting CVar [[r.DOF.Scatter.BackgroundCompositing:2    ; additive background scattering]]
[2020.03.02-15.06.53:427][  0]LogConfig: Setting CVar [[r.DOF.Scatter.EnableBokehSettings:1      ; bokeh simulation when scattering]]
[2020.03.02-15.06.53:427][  0]LogConfig: Setting CVar [[r.DOF.Scatter.MaxSpriteRatio:0.1         ; only a maximum of 10% of scattered bokeh]]
[2020.03.02-15.06.53:427][  0]LogConfig: Setting CVar [[r.DOF.Recombine.Quality:1                ; cheap slight out of focus]]
[2020.03.02-15.06.53:427][  0]LogConfig: Setting CVar [[r.DOF.Recombine.EnableBokehSettings:0    ; no bokeh simulation on slight out of focus]]
[2020.03.02-15.06.53:427][  0]LogConfig: Setting CVar [[r.DOF.TemporalAAQuality:1                ; more stable temporal accumulation]]
[2020.03.02-15.06.53:427][  0]LogConfig: Setting CVar [[r.DOF.Kernel.MaxForegroundRadius:0.025]]
[2020.03.02-15.06.53:428][  0]LogConfig: Setting CVar [[r.DOF.Kernel.MaxBackgroundRadius:0.025]]
[2020.03.02-15.06.53:428][  0]LogConfig: Applying CVar settings from Section [TextureQuality@3] File [D:/Documents/UnrealPlataformJoseMiki/PlataformasMiJo/Saved/Config/Windows/Scalability.ini]
[2020.03.02-15.06.53:428][  0]LogConfig: Setting CVar [[r.Streaming.MipBias:0]]
[2020.03.02-15.06.53:428][  0]LogConfig: Setting CVar [[r.Streaming.AmortizeCPUToGPUCopy:0]]
[2020.03.02-15.06.53:428][  0]LogConfig: Setting CVar [[r.Streaming.MaxNumTexturesToStreamPerFrame:0]]
[2020.03.02-15.06.53:428][  0]LogConfig: Setting CVar [[r.Streaming.Boost:1]]
[2020.03.02-15.06.53:428][  0]LogConfig: Setting CVar [[r.MaxAnisotropy:8]]
[2020.03.02-15.06.53:428][  0]LogConfig: Setting CVar [[r.VT.MaxAnisotropy:8]]
[2020.03.02-15.06.53:428][  0]LogConfig: Setting CVar [[r.Streaming.LimitPoolSizeToVRAM:0]]
[2020.03.02-15.06.53:428][  0]LogConfig: Setting CVar [[r.Streaming.PoolSize:1000]]
[2020.03.02-15.06.53:428][  0]LogConfig: Setting CVar [[r.Streaming.MaxEffectiveScreenSize:0]]
[2020.03.02-15.06.53:428][  0]LogConfig: Applying CVar settings from Section [EffectsQuality@3] File [D:/Documents/UnrealPlataformJoseMiki/PlataformasMiJo/Saved/Config/Windows/Scalability.ini]
[2020.03.02-15.06.53:428][  0]LogConfig: Setting CVar [[r.TranslucencyLightingVolumeDim:64]]
[2020.03.02-15.06.53:428][  0]LogConfig: Setting CVar [[r.RefractionQuality:2]]
[2020.03.02-15.06.53:428][  0]LogConfig: Setting CVar [[r.SSR.Quality:3]]
[2020.03.02-15.06.53:428][  0]LogConfig: Setting CVar [[r.SSR.HalfResSceneColor:0]]
[2020.03.02-15.06.53:429][  0]LogConfig: Setting CVar [[r.SceneColorFormat:4]]
[2020.03.02-15.06.53:429][  0]LogConfig: Setting CVar [[r.DetailMode:2]]
[2020.03.02-15.06.53:429][  0]LogConfig: Setting CVar [[r.TranslucencyVolumeBlur:1]]
[2020.03.02-15.06.53:429][  0]LogConfig: Setting CVar [[r.MaterialQualityLevel:1 ; High quality]]
[2020.03.02-15.06.53:429][  0]LogConfig: Setting CVar [[r.SSS.Scale:1]]
[2020.03.02-15.06.53:429][  0]LogConfig: Setting CVar [[r.SSS.SampleSet:2]]
[2020.03.02-15.06.53:429][  0]LogConfig: Setting CVar [[r.SSS.Quality:1]]
[2020.03.02-15.06.53:429][  0]LogConfig: Setting CVar [[r.SSS.HalfRes:1]]
[2020.03.02-15.06.53:429][  0]LogConfig: Setting CVar [[r.SSGI.Quality:3]]
[2020.03.02-15.06.53:429][  0]LogConfig: Setting CVar [[r.EmitterSpawnRateScale:1.0]]
[2020.03.02-15.06.53:429][  0]LogConfig: Setting CVar [[r.ParticleLightQuality:2]]
[2020.03.02-15.06.53:429][  0]LogConfig: Setting CVar [[r.SkyAtmosphere.AerialPerspectiveLUT.FastApplyOnOpaque:1 ; Always have FastSkyLUT 1 in this case to avoid wrong sky]]
[2020.03.02-15.06.53:429][  0]LogConfig: Setting CVar [[r.SkyAtmosphere.AerialPerspectiveLUT.SampleCountPerSlice:1]]
[2020.03.02-15.06.53:429][  0]LogConfig: Setting CVar [[r.SkyAtmosphere.AerialPerspectiveLUT.DepthResolution:16.0]]
[2020.03.02-15.06.53:429][  0]LogConfig: Setting CVar [[r.SkyAtmosphere.FastSkyLUT:1]]
[2020.03.02-15.06.53:429][  0]LogConfig: Setting CVar [[r.SkyAtmosphere.FastSkyLUT.SampleCountMin:4.0]]
[2020.03.02-15.06.53:429][  0]LogConfig: Setting CVar [[r.SkyAtmosphere.FastSkyLUT.SampleCountMax:32.0]]
[2020.03.02-15.06.53:429][  0]LogConfig: Setting CVar [[r.SkyAtmosphere.SampleCountMin:4.0]]
[2020.03.02-15.06.53:429][  0]LogConfig: Setting CVar [[r.SkyAtmosphere.SampleCountMax:32.0]]
[2020.03.02-15.06.53:429][  0]LogConfig: Setting CVar [[r.SkyAtmosphere.TransmittanceLUT.UseSmallFormat:0]]
[2020.03.02-15.06.53:429][  0]LogConfig: Setting CVar [[r.SkyAtmosphere.TransmittanceLUT.SampleCount:10.0]]
[2020.03.02-15.06.53:429][  0]LogConfig: Setting CVar [[r.SkyAtmosphere.MultiScatteringLUT.SampleCount:15.0]]
[2020.03.02-15.06.53:429][  0]LogConfig: Applying CVar settings from Section [FoliageQuality@3] File [D:/Documents/UnrealPlataformJoseMiki/PlataformasMiJo/Saved/Config/Windows/Scalability.ini]
[2020.03.02-15.06.53:429][  0]LogConfig: Setting CVar [[foliage.DensityScale:1.0]]
[2020.03.02-15.06.53:430][  0]LogConfig: Setting CVar [[grass.DensityScale:1.0]]
[2020.03.02-15.06.53:431][  0]LogConfig: Applying CVar settings from Section [ShadingQuality@3] File [D:/Documents/UnrealPlataformJoseMiki/PlataformasMiJo/Saved/Config/Windows/Scalability.ini]
[2020.03.02-15.06.53:431][  0]LogConfig: Setting CVar [[r.HairStrands.SkyLighting.SampleCount:16]]
[2020.03.02-15.06.53:431][  0]LogConfig: Setting CVar [[r.HairStrands.SkyLighting.JitterIntegration:0]]
[2020.03.02-15.06.53:431][  0]LogConfig: Setting CVar [[r.HairStrands.SkyAO.SampleCount:16]]
[2020.03.02-15.06.53:431][  0]LogInit: Selected Device Profile: [Windows]
[2020.03.02-15.06.53:431][  0]LogInit: Applying CVar settings loaded from the selected device profile: [Windows]
[2020.03.02-15.06.53:440][  0]LogHAL: Display: Platform has ~ 16 GB [17084190720 / 17179869184 / 16], which maps to Larger [LargestMinGB=32, LargerMinGB=12, DefaultMinGB=8, SmallerMinGB=6, SmallestMinGB=0)
[2020.03.02-15.06.53:441][  0]LogInit: Going up to parent DeviceProfile []
[2020.03.02-15.06.53:441][  0]LogConfig: Applying CVar settings from Section [ViewDistanceQuality@1] File [D:/Documents/UnrealPlataformJoseMiki/PlataformasMiJo/Saved/Config/Windows/Scalability.ini]
[2020.03.02-15.06.53:441][  0]LogConfig: Setting CVar [[r.SkeletalMeshLODBias:1]]
[2020.03.02-15.06.53:441][  0]LogConfig: Setting CVar [[r.ViewDistanceScale:0.6]]
[2020.03.02-15.06.53:441][  0]LogConfig: Applying CVar settings from Section [AntiAliasingQuality@1] File [D:/Documents/UnrealPlataformJoseMiki/PlataformasMiJo/Saved/Config/Windows/Scalability.ini]
[2020.03.02-15.06.53:441][  0]LogConfig: Setting CVar [[r.PostProcessAAQuality:2]]
[2020.03.02-15.06.53:441][  0]LogConfig: Applying CVar settings from Section [ShadowQuality@1] File [D:/Documents/UnrealPlataformJoseMiki/PlataformasMiJo/Saved/Config/Windows/Scalability.ini]
[2020.03.02-15.06.53:441][  0]LogConfig: Setting CVar [[r.LightFunctionQuality:1]]
[2020.03.02-15.06.53:441][  0]LogConfig: Setting CVar [[r.ShadowQuality:3]]
[2020.03.02-15.06.53:441][  0]LogConfig: Setting CVar [[r.Shadow.CSM.MaxCascades:1]]
[2020.03.02-15.06.53:441][  0]LogConfig: Setting CVar [[r.Shadow.MaxResolution:1024]]
[2020.03.02-15.06.53:441][  0]LogConfig: Setting CVar [[r.Shadow.MaxCSMResolution:1024]]
[2020.03.02-15.06.53:441][  0]LogConfig: Setting CVar [[r.Shadow.RadiusThreshold:0.05]]
[2020.03.02-15.06.53:441][  0]LogConfig: Setting CVar [[r.Shadow.DistanceScale:0.7]]
[2020.03.02-15.06.53:441][  0]LogConfig: Setting CVar [[r.Shadow.CSM.TransitionScale:0.25]]
[2020.03.02-15.06.53:442][  0]LogConfig: Setting CVar [[r.Shadow.PreShadowResolutionFactor:0.5]]
[2020.03.02-15.06.53:442][  0]LogConfig: Setting CVar [[r.DistanceFieldShadowing:0]]
[2020.03.02-15.06.53:443][  0]LogConfig: Setting CVar [[r.DistanceFieldAO:0]]
[2020.03.02-15.06.53:443][  0]LogConfig: Setting CVar [[r.VolumetricFog:0]]
[2020.03.02-15.06.53:443][  0]LogConfig: Setting CVar [[r.LightMaxDrawDistanceScale:.5]]
[2020.03.02-15.06.53:443][  0]LogConfig: Setting CVar [[r.CapsuleShadows:1]]
[2020.03.02-15.06.53:443][  0]LogConfig: Applying CVar settings from Section [PostProcessQuality@1] File [D:/Documents/UnrealPlataformJoseMiki/PlataformasMiJo/Saved/Config/Windows/Scalability.ini]
[2020.03.02-15.06.53:443][  0]LogConfig: Setting CVar [[r.MotionBlurQuality:3]]
[2020.03.02-15.06.53:443][  0]LogConfig: Setting CVar [[r.AmbientOcclusionMipLevelFactor:1.0]]
[2020.03.02-15.06.53:443][  0]LogConfig: Setting CVar [[r.AmbientOcclusionMaxQuality:60]]
[2020.03.02-15.06.53:443][  0]LogConfig: Setting CVar [[r.AmbientOcclusionLevels:-1]]
[2020.03.02-15.06.53:443][  0]LogConfig: Setting CVar [[r.AmbientOcclusionRadiusScale:1.5]]
[2020.03.02-15.06.53:443][  0]LogConfig: Setting CVar [[r.DepthOfFieldQuality:1]]
[2020.03.02-15.06.53:443][  0]LogConfig: Setting CVar [[r.RenderTargetPoolMin:350]]
[2020.03.02-15.06.53:443][  0]LogConfig: Setting CVar [[r.LensFlareQuality:0]]
[2020.03.02-15.06.53:443][  0]LogConfig: Setting CVar [[r.SceneColorFringeQuality:0]]
[2020.03.02-15.06.53:443][  0]LogConfig: Setting CVar [[r.EyeAdaptationQuality:0]]
[2020.03.02-15.06.53:443][  0]LogConfig: Setting CVar [[r.BloomQuality:4]]
[2020.03.02-15.06.53:443][  0]LogConfig: Setting CVar [[r.FastBlurThreshold:2]]
[2020.03.02-15.06.53:443][  0]LogConfig: Setting CVar [[r.Upscale.Quality:2]]
[2020.03.02-15.06.53:443][  0]LogConfig: Setting CVar [[r.Tonemapper.GrainQuantization:0]]
[2020.03.02-15.06.53:443][  0]LogConfig: Setting CVar [[r.LightShaftQuality:0]]
[2020.03.02-15.06.53:443][  0]LogConfig: Setting CVar [[r.Filter.SizeScale:0.7]]
[2020.03.02-15.06.53:443][  0]LogConfig: Setting CVar [[r.Tonemapper.Quality:2]]
[2020.03.02-15.06.53:443][  0]LogConfig: Setting CVar [[r.DOF.Gather.AccumulatorQuality:0        ; lower gathering accumulator quality]]
[2020.03.02-15.06.53:443][  0]LogConfig: Setting CVar [[r.DOF.Gather.PostfilterMethod:2          ; Max3x3 postfilering method]]
[2020.03.02-15.06.53:443][  0]LogConfig: Setting CVar [[r.DOF.Gather.EnableBokehSettings:0       ; no bokeh simulation when gathering]]
[2020.03.02-15.06.53:443][  0]LogConfig: Setting CVar [[r.DOF.Gather.RingCount:3                 ; low number of samples when gathering]]
[2020.03.02-15.06.53:443][  0]LogConfig: Setting CVar [[r.DOF.Scatter.ForegroundCompositing:0    ; no foreground scattering]]
[2020.03.02-15.06.53:443][  0]LogConfig: Setting CVar [[r.DOF.Scatter.BackgroundCompositing:0    ; no foreground scattering]]
[2020.03.02-15.06.53:443][  0]LogConfig: Setting CVar [[r.DOF.Recombine.Quality:0                ; no slight out of focus]]
[2020.03.02-15.06.53:443][  0]LogConfig: Setting CVar [[r.DOF.TemporalAAQuality:0                ; faster temporal accumulation]]
[2020.03.02-15.06.53:443][  0]LogConfig: Setting CVar [[r.DOF.Kernel.MaxForegroundRadius:0.006   ; required because low gathering and no scattering and not looking great at 1080p]]
[2020.03.02-15.06.53:443][  0]LogConfig: Setting CVar [[r.DOF.Kernel.MaxBackgroundRadius:0.006   ; required because low gathering and no scattering and not looking great at 1080p]]
[2020.03.02-15.06.53:444][  0]LogConfig: Applying CVar settings from Section [TextureQuality@1] File [D:/Documents/UnrealPlataformJoseMiki/PlataformasMiJo/Saved/Config/Windows/Scalability.ini]
[2020.03.02-15.06.53:444][  0]LogConfig: Setting CVar [[r.Streaming.MipBias:1]]
[2020.03.02-15.06.53:444][  0]LogConfig: Setting CVar [[r.Streaming.AmortizeCPUToGPUCopy:0]]
[2020.03.02-15.06.53:445][  0]LogConfig: Setting CVar [[r.Streaming.MaxNumTexturesToStreamPerFrame:0]]
[2020.03.02-15.06.53:445][  0]LogConfig: Setting CVar [[r.Streaming.Boost:1]]
[2020.03.02-15.06.53:445][  0]LogConfig: Setting CVar [[r.MaxAnisotropy:2]]
[2020.03.02-15.06.53:445][  0]LogConfig: Setting CVar [[r.VT.MaxAnisotropy:4]]
[2020.03.02-15.06.53:445][  0]LogConfig: Setting CVar [[r.Streaming.LimitPoolSizeToVRAM:1]]
[2020.03.02-15.06.53:445][  0]LogConfig: Setting CVar [[r.Streaming.PoolSize:600]]
[2020.03.02-15.06.53:445][  0]LogConfig: Setting CVar [[r.Streaming.MaxEffectiveScreenSize:0]]
[2020.03.02-15.06.53:445][  0]LogConfig: Applying CVar settings from Section [EffectsQuality@1] File [D:/Documents/UnrealPlataformJoseMiki/PlataformasMiJo/Saved/Config/Windows/Scalability.ini]
[2020.03.02-15.06.53:445][  0]LogConfig: Setting CVar [[r.TranslucencyLightingVolumeDim:32]]
[2020.03.02-15.06.53:445][  0]LogConfig: Setting CVar [[r.RefractionQuality:0]]
[2020.03.02-15.06.53:445][  0]LogConfig: Setting CVar [[r.SSR.Quality:0]]
[2020.03.02-15.06.53:445][  0]LogConfig: Setting CVar [[r.SSR.HalfResSceneColor:1]]
[2020.03.02-15.06.53:445][  0]LogConfig: Setting CVar [[r.SceneColorFormat:3]]
[2020.03.02-15.06.53:445][  0]LogConfig: Setting CVar [[r.DetailMode:1]]
[2020.03.02-15.06.53:445][  0]LogConfig: Setting CVar [[r.TranslucencyVolumeBlur:0]]
[2020.03.02-15.06.53:445][  0]LogConfig: Setting CVar [[r.MaterialQualityLevel:2 ; Medium quality]]
[2020.03.02-15.06.53:445][  0]LogConfig: Setting CVar [[r.SSS.Scale:0.75]]
[2020.03.02-15.06.53:445][  0]LogConfig: Setting CVar [[r.SSS.SampleSet:0]]
[2020.03.02-15.06.53:445][  0]LogConfig: Setting CVar [[r.SSS.Quality:0]]
[2020.03.02-15.06.53:445][  0]LogConfig: Setting CVar [[r.SSS.HalfRes:1]]
[2020.03.02-15.06.53:445][  0]LogConfig: Setting CVar [[r.SSGI.Quality:1]]
[2020.03.02-15.06.53:445][  0]LogConfig: Setting CVar [[r.EmitterSpawnRateScale:0.25]]
[2020.03.02-15.06.53:445][  0]LogConfig: Setting CVar [[r.ParticleLightQuality:0]]
[2020.03.02-15.06.53:445][  0]LogConfig: Setting CVar [[r.SkyAtmosphere.AerialPerspectiveLUT.FastApplyOnOpaque:1 ; Always have FastSkyLUT 1 in this case to avoid wrong sky]]
[2020.03.02-15.06.53:445][  0]LogConfig: Setting CVar [[r.SkyAtmosphere.AerialPerspectiveLUT.SampleCountPerSlice:1]]
[2020.03.02-15.06.53:445][  0]LogConfig: Setting CVar [[r.SkyAtmosphere.AerialPerspectiveLUT.DepthResolution:16.0]]
[2020.03.02-15.06.53:445][  0]LogConfig: Setting CVar [[r.SkyAtmosphere.FastSkyLUT:1]]
[2020.03.02-15.06.53:445][  0]LogConfig: Setting CVar [[r.SkyAtmosphere.FastSkyLUT.SampleCountMin:4.0]]
[2020.03.02-15.06.53:445][  0]LogConfig: Setting CVar [[r.SkyAtmosphere.FastSkyLUT.SampleCountMax:32.0]]
[2020.03.02-15.06.53:445][  0]LogConfig: Setting CVar [[r.SkyAtmosphere.SampleCountMin:4.0]]
[2020.03.02-15.06.53:445][  0]LogConfig: Setting CVar [[r.SkyAtmosphere.SampleCountMax:32.0]]
[2020.03.02-15.06.53:445][  0]LogConfig: Setting CVar [[r.SkyAtmosphere.TransmittanceLUT.UseSmallFormat:0]]
[2020.03.02-15.06.53:446][  0]LogConfig: Setting CVar [[r.SkyAtmosphere.TransmittanceLUT.SampleCount:10.0]]
[2020.03.02-15.06.53:446][  0]LogConfig: Setting CVar [[r.SkyAtmosphere.MultiScatteringLUT.SampleCount:15.0]]
[2020.03.02-15.06.53:446][  0]LogConfig: Applying CVar settings from Section [FoliageQuality@1] File [D:/Documents/UnrealPlataformJoseMiki/PlataformasMiJo/Saved/Config/Windows/Scalability.ini]
[2020.03.02-15.06.53:446][  0]LogConfig: Setting CVar [[foliage.DensityScale:0.4]]
[2020.03.02-15.06.53:446][  0]LogConfig: Setting CVar [[grass.DensityScale:0.4]]
[2020.03.02-15.06.53:446][  0]LogConfig: Applying CVar settings from Section [ShadingQuality@1] File [D:/Documents/UnrealPlataformJoseMiki/PlataformasMiJo/Saved/Config/Windows/Scalability.ini]
[2020.03.02-15.06.53:446][  0]LogConfig: Setting CVar [[r.HairStrands.SkyLighting.SampleCount:16]]
[2020.03.02-15.06.53:446][  0]LogConfig: Setting CVar [[r.HairStrands.SkyLighting.JitterIntegration:0]]
[2020.03.02-15.06.53:446][  0]LogConfig: Setting CVar [[r.HairStrands.SkyAO.SampleCount:16]]
[2020.03.02-15.06.53:446][  0]LogConfig: Applying CVar settings from Section [Startup] File [../../../Engine/Config/ConsoleVariables.ini]
[2020.03.02-15.06.53:447][  0]LogConfig: Setting CVar [[net.UseAdaptiveNetUpdateFrequency:0]]
[2020.03.02-15.06.53:447][  0]LogConfig: Setting CVar [[p.chaos.AllowCreatePhysxBodies:1]]
[2020.03.02-15.06.53:447][  0]LogConfig: Applying CVar settings from Section [ConsoleVariables] File [D:/Documents/UnrealPlataformJoseMiki/PlataformasMiJo/Saved/Config/Windows/Engine.ini]
[2020.03.02-15.06.53:448][  0]LogInit: Computer: DESKTOP-GSML0CC
[2020.03.02-15.06.53:448][  0]LogInit: User: Miki
[2020.03.02-15.06.53:448][  0]LogInit: CPU Page size=4096, Cores=4
[2020.03.02-15.06.53:448][  0]LogInit: High frequency timer resolution =10.000000 MHz
[2020.03.02-15.06.53:449][  0]LogMemory: Memory total: Physical=15.9GB (16GB approx)
[2020.03.02-15.06.53:449][  0]LogMemory: Platform Memory Stats for Windows
[2020.03.02-15.06.53:449][  0]LogMemory: Process Physical Memory: 105.54 MB used, 105.54 MB peak
[2020.03.02-15.06.53:450][  0]LogMemory: Process Virtual Memory: 100.48 MB used, 100.48 MB peak
[2020.03.02-15.06.53:450][  0]LogMemory: Physical Memory: 8143.44 MB used,  8149.31 MB free, 16292.75 MB total
[2020.03.02-15.06.53:450][  0]LogMemory: Virtual Memory: 5137.50 MB used,  134212592.00 MB free, 134217728.00 MB total
[2020.03.02-15.06.53:458][  0]LogWindows: WindowsPlatformFeatures enabled
[2020.03.02-15.06.53:534][  0]LogInit: Overriding language with editor language configuration option (en).
[2020.03.02-15.06.53:535][  0]LogInit: Overriding locale with editor locale configuration option (en).
[2020.03.02-15.06.53:863][  0]LogInit: Setting process to per monitor DPI aware
[2020.03.02-15.06.53:914][  0]LogSlate: New Slate User Created.  User Index 0, Is Virtual User: 0
[2020.03.02-15.06.53:915][  0]LogSlate: Slate User Registered.  User Index 0, Is Virtual User: 0
[2020.03.02-15.06.54:430][  0]LogHMD: Failed to initialize OpenVR with code 110
[2020.03.02-15.06.54:430][  0]LogD3D11RHI: D3D11 min allowed feature level: 11_0
[2020.03.02-15.06.54:430][  0]LogD3D11RHI: D3D11 max allowed feature level: 11_0
[2020.03.02-15.06.54:431][  0]LogD3D11RHI: D3D11 adapters:
[2020.03.02-15.06.54:663][  0]LogD3D11RHI:    0. 'NVIDIA GeForce GTX 960M' (Feature Level 11_0)
[2020.03.02-15.06.54:663][  0]LogD3D11RHI:       2010/0/8146 MB DedicatedVideo/DedicatedSystem/SharedSystem, Outputs:1, VendorId:0x10de
[2020.03.02-15.06.54:681][  0]LogD3D11RHI:    1. 'Intel(R) HD Graphics 530' (Feature Level 11_0)
[2020.03.02-15.06.54:681][  0]LogD3D11RHI:       128/0/8146 MB DedicatedVideo/DedicatedSystem/SharedSystem, Outputs:0, VendorId:0x8086
[2020.03.02-15.06.54:687][  0]LogD3D11RHI:    2. 'Microsoft Basic Render Driver' (Feature Level 11_0)
[2020.03.02-15.06.54:688][  0]LogD3D11RHI:       0/0/8146 MB DedicatedVideo/DedicatedSystem/SharedSystem, Outputs:0, VendorId:0x1414
[2020.03.02-15.06.54:688][  0]LogD3D11RHI: Chosen D3D11 Adapter: 0
[2020.03.02-15.06.54:782][  0]LogD3D11RHI: Creating new Direct3DDevice
[2020.03.02-15.06.54:782][  0]LogD3D11RHI:     GPU DeviceId: 0x139b (for the marketing name, search the web for "GPU Device Id")
[2020.03.02-15.06.54:782][  0]LogWindows: EnumDisplayDevices:
[2020.03.02-15.06.54:782][  0]LogWindows:    0. 'Intel(R) HD Graphics 530' (P:1 D:1)
[2020.03.02-15.06.54:783][  0]LogWindows:    1. 'Intel(R) HD Graphics 530' (P:0 D:0)
[2020.03.02-15.06.54:784][  0]LogWindows:    2. 'Intel(R) HD Graphics 530' (P:0 D:0)
[2020.03.02-15.06.54:785][  0]LogWindows: DebugString: PrimaryIsNotTheChoosenAdapter PrimaryIsNotTheChoosenAdapter PrimaryIsNotTheChoosenAdapter FoundDriverCount:0 
[2020.03.02-15.06.54:785][  0]LogD3D11RHI:     Adapter Name: NVIDIA GeForce GTX 960M
[2020.03.02-15.06.54:785][  0]LogD3D11RHI:   Driver Version: Unknown (internal:Unknown, unified:Unknown)
[2020.03.02-15.06.54:785][  0]LogD3D11RHI:      Driver Date: Unknown
[2020.03.02-15.06.54:785][  0]LogRHI: Texture pool is 1407 MB (70% of 2010 MB)
[2020.03.02-15.06.54:878][  0]LogD3D11RHI: RHI has support for 64 bit atomics
[2020.03.02-15.06.54:878][  0]LogD3D11RHI: Async texture creation enabled
[2020.03.02-15.06.54:907][  0]LogD3D11RHI: GPU Timing Frequency: 1000.000000 (Debug: 2 1)
[2020.03.02-15.06.55:617][  0]LogTargetPlatformManager: Display: Loaded TargetPlatform 'AllDesktop'
[2020.03.02-15.06.55:697][  0]LogTargetPlatformManager: Display: Loaded TargetPlatform 'Android'
[2020.03.02-15.06.55:698][  0]LogTargetPlatformManager: Display: Loaded TargetPlatform 'Android_ASTC'
[2020.03.02-15.06.55:698][  0]LogTargetPlatformManager: Display: Loaded TargetPlatform 'Android_ATC'
[2020.03.02-15.06.55:698][  0]LogTargetPlatformManager: Display: Loaded TargetPlatform 'Android_DXT'
[2020.03.02-15.06.55:698][  0]LogTargetPlatformManager: Display: Loaded TargetPlatform 'Android_ETC1'
[2020.03.02-15.06.55:698][  0]LogTargetPlatformManager: Display: Loaded TargetPlatform 'Android_ETC1a'
[2020.03.02-15.06.55:698][  0]LogTargetPlatformManager: Display: Loaded TargetPlatform 'Android_ETC2'
[2020.03.02-15.06.55:698][  0]LogTargetPlatformManager: Display: Loaded TargetPlatform 'Android_PVRTC'
[2020.03.02-15.06.55:698][  0]LogTargetPlatformManager: Display: Loaded TargetPlatform 'AndroidClient'
[2020.03.02-15.06.55:698][  0]LogTargetPlatformManager: Display: Loaded TargetPlatform 'Android_ASTCClient'
[2020.03.02-15.06.55:698][  0]LogTargetPlatformManager: Display: Loaded TargetPlatform 'Android_ATCClient'
[2020.03.02-15.06.55:698][  0]LogTargetPlatformManager: Display: Loaded TargetPlatform 'Android_DXTClient'
[2020.03.02-15.06.55:698][  0]LogTargetPlatformManager: Display: Loaded TargetPlatform 'Android_ETC1Client'
[2020.03.02-15.06.55:698][  0]LogTargetPlatformManager: Display: Loaded TargetPlatform 'Android_ETC1aClient'
[2020.03.02-15.06.55:698][  0]LogTargetPlatformManager: Display: Loaded TargetPlatform 'Android_ETC2Client'
[2020.03.02-15.06.55:698][  0]LogTargetPlatformManager: Display: Loaded TargetPlatform 'Android_PVRTCClient'
[2020.03.02-15.06.55:698][  0]LogTargetPlatformManager: Display: Loaded TargetPlatform 'Android_Multi'
[2020.03.02-15.06.55:698][  0]LogTargetPlatformManager: Display: Loaded TargetPlatform 'Android_MultiClient'
[2020.03.02-15.06.55:736][  0]LogTargetPlatformManager: Display: Loaded TargetPlatform 'IOSClient'
[2020.03.02-15.06.55:736][  0]LogTargetPlatformManager: Display: Loaded TargetPlatform 'IOS'
[2020.03.02-15.06.55:751][  0]LogTargetPlatformManager: Display: Loaded TargetPlatform 'LinuxNoEditor'
[2020.03.02-15.06.55:766][  0]LogTargetPlatformManager: Display: Loaded TargetPlatform 'LinuxClient'
[2020.03.02-15.06.55:784][  0]LogTargetPlatformManager: Display: Loaded TargetPlatform 'LinuxServer'
[2020.03.02-15.06.55:801][  0]LogTargetPlatformManager: Display: Loaded TargetPlatform 'LinuxAArch64NoEditor'
[2020.03.02-15.06.55:815][  0]LogTargetPlatformManager: Display: Loaded TargetPlatform 'LinuxAArch64Client'
[2020.03.02-15.06.55:828][  0]LogTargetPlatformManager: Display: Loaded TargetPlatform 'LinuxAArch64Server'
[2020.03.02-15.06.55:880][  0]LogTargetPlatformManager: Display: Loaded TargetPlatform 'Lumin'
[2020.03.02-15.06.55:880][  0]LogTargetPlatformManager: Display: Loaded TargetPlatform 'LuminClient'
[2020.03.02-15.06.55:910][  0]LogTargetPlatformManager: Display: Loaded TargetPlatform 'TVOSClient'
[2020.03.02-15.06.55:910][  0]LogTargetPlatformManager: Display: Loaded TargetPlatform 'TVOS'
[2020.03.02-15.06.55:927][  0]LogTargetPlatformManager: Display: Loaded TargetPlatform 'WindowsNoEditor'
[2020.03.02-15.06.55:946][  0]LogTargetPlatformManager: Display: Loaded TargetPlatform 'Windows'
[2020.03.02-15.06.55:960][  0]LogTargetPlatformManager: Display: Loaded TargetPlatform 'WindowsClient'
[2020.03.02-15.06.55:975][  0]LogTargetPlatformManager: Display: Loaded TargetPlatform 'WindowsServer'
[2020.03.02-15.06.55:975][  0]LogTargetPlatformManager: Display: Building Assets For Windows
[2020.03.02-15.06.55:981][  0]LogAudioDebug: Display: Lib vorbis DLL was dynamically loaded.
[2020.03.02-15.06.56:028][  0]LogShaderCompilers: Guid format shader working directory is -22 characters bigger than the processId version (../../../../../../Documents/UnrealPlataformJoseMiki/PlataformasMiJo/Intermediate/Shaders/WorkingDirectory/12568/).
[2020.03.02-15.06.56:028][  0]LogShaderCompilers: Cleaned the shader compiler working directory 'C:/Users/miki_/AppData/Local/Temp/UnrealShaderWorkingDir/0E2643D04E0552BB22EAE7BB320B5F46/'.
[2020.03.02-15.06.56:029][  0]LogXGEController: Cannot use XGE Controller as Incredibuild is not installed on this machine.
[2020.03.02-15.06.56:030][  0]LogShaderCompilers: Cannot use XGE Shader Compiler as Incredibuild is not installed on this machine.
[2020.03.02-15.06.56:030][  0]LogShaderCompilers: Display: Using Local Shader Compiler.
[2020.03.02-15.06.57:673][  0]LogDerivedDataCache: Display: Max Cache Size: 512 MB
[2020.03.02-15.06.57:768][  0]LogDerivedDataCache: Loaded boot cache 0.10s 78MB C:/Users/miki_/AppData/Local/UnrealEngine/4.24/DerivedDataCache/Boot.ddc.
[2020.03.02-15.06.57:769][  0]LogDerivedDataCache: Display: Loaded Boot cache: C:/Users/miki_/AppData/Local/UnrealEngine/4.24/DerivedDataCache/Boot.ddc
[2020.03.02-15.06.57:769][  0]LogDerivedDataCache: FDerivedDataBackendGraph:  Pak pak cache file ../../../../../../Documents/UnrealPlataformJoseMiki/PlataformasMiJo/DerivedDataCache/DDC.ddp not found, will not use a pak cache.
[2020.03.02-15.06.57:769][  0]LogDerivedDataCache: Unable to find inner node Pak for hierarchical cache Hierarchy.
[2020.03.02-15.06.57:769][  0]LogDerivedDataCache: FDerivedDataBackendGraph:  CompressedPak pak cache file ../../../../../../Documents/UnrealPlataformJoseMiki/PlataformasMiJo/DerivedDataCache/Compressed.ddp not found, will not use a pak cache.
[2020.03.02-15.06.57:769][  0]LogDerivedDataCache: Unable to find inner node CompressedPak for hierarchical cache Hierarchy.
[2020.03.02-15.06.57:790][  0]LogDerivedDataCache: Display: Pak cache opened for reading ../../../Engine/DerivedDataCache/Compressed.ddp.
[2020.03.02-15.06.57:790][  0]LogDerivedDataCache: FDerivedDataBackendGraph:  EnterprisePak pak cache file ../../../Enterprise/DerivedDataCache/Compressed.ddp not found, will not use a pak cache.
[2020.03.02-15.06.57:790][  0]LogDerivedDataCache: Unable to find inner node EnterprisePak for hierarchical cache Hierarchy.
[2020.03.02-15.06.57:792][  0]LogDerivedDataCache: Using Local data cache path C:/Users/miki_/AppData/Local/UnrealEngine/Common/DerivedDataCache: Writable
[2020.03.02-15.06.57:792][  0]LogDerivedDataCache: Shared data cache path not found in *engine.ini, will not use an Shared cache.
[2020.03.02-15.06.57:792][  0]LogDerivedDataCache: Unable to find inner node Shared for hierarchical cache Hierarchy.
[2020.03.02-15.06.57:846][  0]LogMaterial: Verifying Global Shaders for PCD3D_SM5
[2020.03.02-15.06.57:850][  0]LogSlate: Using FreeType 2.10.0
[2020.03.02-15.06.57:851][  0]LogSlate: SlateFontServices - WITH_FREETYPE: 1, WITH_HARFBUZZ: 1
[2020.03.02-15.06.57:964][  0]LogAssetRegistry: FAssetRegistry took 0.0040 seconds to start up
[2020.03.02-15.06.58:518][  0]LogInit: Selected Device Profile: [Windows]
[2020.03.02-15.06.58:815][  0]LogMeshReduction: Using QuadricMeshReduction for automatic static mesh reduction
[2020.03.02-15.06.58:815][  0]LogMeshReduction: Using SimplygonMeshReduction for automatic skeletal mesh reduction
[2020.03.02-15.06.58:815][  0]LogMeshReduction: Using ProxyLODMeshReduction for automatic mesh merging
[2020.03.02-15.06.58:815][  0]LogMeshReduction: No distributed automatic mesh merging module available
[2020.03.02-15.06.58:815][  0]LogMeshMerging: No distributed automatic mesh merging module available
[2020.03.02-15.06.58:838][  0]LogNetVersion: PlataformasMiJo 1.0.0, NetCL: 10570792, EngineNetVer: 13, GameNetVer: 0 (Checksum: 1109481597)
[2020.03.02-15.07.01:312][  0]LogPackageLocalizationCache: Processed 10 localized package path(s) for 1 prioritized culture(s) in 0.098257 seconds
[2020.03.02-15.07.01:337][  0]LogUObjectArray: 46750 objects as part of root set at end of initial load.
[2020.03.02-15.07.01:337][  0]LogUObjectAllocator: 8137160 out of 0 bytes used by permanent object pool.
[2020.03.02-15.07.01:337][  0]LogUObjectArray: CloseDisregardForGC: 0/0 objects in disregard for GC pool
[2020.03.02-15.07.02:219][  0]LogTcpMessaging: Initializing TcpMessaging bridge
[2020.03.02-15.07.02:226][  0]LogUdpMessaging: Initializing bridge on interface 0.0.0.0:0 to multicast group 230.0.0.1:6666.
[2020.03.02-15.07.02:336][  0]SourceControl: Source control is disabled
[2020.03.02-15.07.02:336][  0]SourceControl: Source control is disabled
[2020.03.02-15.07.02:338][  0]SourceControl: Source control is disabled
[2020.03.02-15.07.02:341][  0]SourceControl: Source control is disabled
[2020.03.02-15.07.02:343][  0]SourceControl: Source control is disabled
[2020.03.02-15.07.02:358][  0]LogVSAccessor: Display: Unable to create Visual Studio setup instance: 80040154
[2020.03.02-15.07.02:359][  0]LogVSAccessor: Display: Unable to create Visual Studio setup instance: 80040154
[2020.03.02-15.07.02:482][  0]LogAndroidPermission: UAndroidPermissionCallbackProxy::GetInstance
[2020.03.02-15.07.02:499][  0]LogAudioCaptureCore: Display: No Audio Capture implementations found. Audio input will be silent.
[2020.03.02-15.07.02:499][  0]LogAudioCaptureCore: Display: No Audio Capture implementations found. Audio input will be silent.
[2020.03.02-15.07.02:659][  0]LogOcInput: OculusInput pre-init called
[2020.03.02-15.07.02:679][  0]LogWindows: Failed to load 'OVRPlugin.dll' (GetLastError=126)
[2020.03.02-15.07.02:680][  0]LogWindows: File 'OVRPlugin.dll' does not exist
[2020.03.02-15.07.02:855][  0]LogEngine: Initializing Engine...
[2020.03.02-15.07.02:859][  0]LogHMD: Failed to initialize OpenVR with code 110
[2020.03.02-15.07.02:862][  0]LogStats: UGameplayTagsManager::InitializeManager -  0.001 s
[2020.03.02-15.07.03:551][  0]LogInit: Initializing FReadOnlyCVARCache
[2020.03.02-15.07.03:560][  0]LogAIModule: Creating AISystem for world Untitled
[2020.03.02-15.07.03:596][  0]LogAudioMixer: Display: Audio Mixer Platform Settings:
[2020.03.02-15.07.03:596][  0]LogAudioMixer: Display: 	Sample Rate:						  48000
[2020.03.02-15.07.03:596][  0]LogAudioMixer: Display: 	Callback Buffer Frame Size Requested: 1024
[2020.03.02-15.07.03:596][  0]LogAudioMixer: Display: 	Callback Buffer Frame Size To Use:	  1024
[2020.03.02-15.07.03:597][  0]LogAudioMixer: Display: 	Number of buffers to queue:			  2
[2020.03.02-15.07.03:597][  0]LogAudioMixer: Display: 	Max Channels (voices):				  32
[2020.03.02-15.07.03:597][  0]LogAudioMixer: Display: 	Number of Async Source Workers:		  0
[2020.03.02-15.07.03:597][  0]LogAudio: Display: AudioDevice MaxSources: 32
[2020.03.02-15.07.03:597][  0]LogAudio: Display: Using built-in audio occlusion.
[2020.03.02-15.07.03:597][  0]LogAudioMixer: Display: Initializing audio mixer.
[2020.03.02-15.07.03:627][  0]LogAudioMixer: Display: Audio Device Output Speaker Info:
[2020.03.02-15.07.03:627][  0]LogAudioMixer: Display: Name: Altavoces (Realtek High Definition Audio)
[2020.03.02-15.07.03:627][  0]LogAudioMixer: Display: Is Default: Yes
[2020.03.02-15.07.03:627][  0]LogAudioMixer: Display: Sample Rate: 48000
[2020.03.02-15.07.03:627][  0]LogAudioMixer: Display: Channel Count Used: 2
[2020.03.02-15.07.03:627][  0]LogAudioMixer: Display: Device Channel Count: 2
[2020.03.02-15.07.03:627][  0]LogAudioMixer: Display: Channel Order:
[2020.03.02-15.07.03:627][  0]LogAudioMixer: Display: 0: FrontLeft
[2020.03.02-15.07.03:627][  0]LogAudioMixer: Display: 1: FrontRight
[2020.03.02-15.07.03:786][  0]LogAudioMixer: Display: Using Audio Device Altavoces (Realtek High Definition Audio)
[2020.03.02-15.07.03:794][  0]LogInit: FAudioDevice initialized.
[2020.03.02-15.07.03:795][  0]LogNetVersion: Set ProjectVersion to 1.0.0.0. Version Checksum will be recalculated on next use.
[2020.03.02-15.07.03:921][  0]LogDerivedDataCache: Saved boot cache 0.13s 78MB C:/Users/miki_/AppData/Local/UnrealEngine/4.24/DerivedDataCache/Boot.ddc.
[2020.03.02-15.07.03:936][  0]LogInit: Texture streaming: Enabled
[2020.03.02-15.07.03:953][  0]LogEngineSessionManager: EngineSessionManager initialized
[2020.03.02-15.07.03:954][  0]LogEditorSessionSummary: Verbose: Initializing EditorSessionSummaryWriter for editor session tracking
[2020.03.02-15.07.03:958][  0]LogEditorSessionSummary: EditorSessionSummaryWriter initialized
[2020.03.02-15.07.04:090][  0]LogInit: Transaction tracking system initialized
[2020.03.02-15.07.04:106][  0]BlueprintLog: New page: Editor Load
[2020.03.02-15.07.04:182][  0]LocalizationService: Localization service is disabled
[2020.03.02-15.07.06:332][  0]LogVSAccessor: Display: Unable to create Visual Studio setup instance: 80040154
[2020.03.02-15.07.06:333][  0]LogVSAccessor: Display: Unable to create Visual Studio setup instance: 80040154
[2020.03.02-15.07.06:756][  0]LogCook: Display: Max memory allowance for cook 16384mb min free memory 0mb
[2020.03.02-15.07.06:757][  0]LogCook: Display: Mobile HDR setting 1
[2020.03.02-15.07.06:887][  0]LogFileCache: Scanning file cache for directory 'D:/Documents/UnrealPlataformJoseMiki/PlataformasMiJo/Content/' took 0.02s
[2020.03.02-15.07.08:222][  0]SourceControl: Source control is disabled
[2020.03.02-15.07.08:222][  0]Cmd: MAP LOAD FILE="../../../../../../Documents/UnrealPlataformJoseMiki/PlataformasMiJo/Content/Maps/MainMenu.umap" TEMPLATE=0 SHOWPROGRESS=1 FEATURELEVEL=3
[2020.03.02-15.07.08:239][  0]LightingResults: New page: Lighting Build
[2020.03.02-15.07.08:240][  0]LogWorld: UWorld::CleanupWorld for Untitled, bSessionEnded=true, bCleanupResources=true
[2020.03.02-15.07.08:240][  0]LogSlate: InvalidateAllWidgets triggered.  All widgets were invalidated
[2020.03.02-15.07.08:240][  0]MapCheck: New page: Map Check
[2020.03.02-15.07.08:240][  0]LightingResults: New page: Lighting Build
[2020.03.02-15.07.08:290][  0]LogUObjectHash: Compacting FUObjectHashTables data took   2.93ms
[2020.03.02-15.07.08:386][  0]LogAIModule: Creating AISystem for world MainMenu
[2020.03.02-15.07.08:387][  0]LogEditorServer: Finished looking for orphan Actors (0.000 secs)
[2020.03.02-15.07.08:437][  0]LogUObjectHash: Compacting FUObjectHashTables data took   3.40ms
[2020.03.02-15.07.08:438][  0]Cmd: MAP CHECKDEP NOCLEARLOG
[2020.03.02-15.07.08:438][  0]MapCheck: Map check complete: 0 Error(s), 0 Warning(s), took 0.188ms to complete.
[2020.03.02-15.07.08:438][  0]LogFileHelpers: Loading map 'MainMenu' took 0.216
[2020.03.02-15.07.09:295][  0]LogSlate: Updating window title bar state: overlay mode, drag disabled, window buttons hidden, title bar hidden
[2020.03.02-15.07.09:349][  0]LogSlate: Updating window title bar state: overlay mode, drag disabled, window buttons hidden, title bar hidden
[2020.03.02-15.07.09:378][  0]LogSlate: Updating window title bar state: overlay mode, drag disabled, window buttons hidden, title bar hidden
[2020.03.02-15.07.09:399][  0]LogSlate: Updating window title bar state: overlay mode, drag disabled, window buttons hidden, title bar hidden
[2020.03.02-15.07.09:472][  0]LogCollectionManager: Loaded 0 collections in 0.004407 seconds
[2020.03.02-15.07.09:682][  0]LogFileCache: Scanning file cache for directory 'D:/Documents/UnrealPlataformJoseMiki/PlataformasMiJo/Saved/Collections/' took 0.00s
[2020.03.02-15.07.09:682][  0]LogFileCache: Scanning file cache for directory 'D:/Documents/UnrealPlataformJoseMiki/PlataformasMiJo/Content/Developers/Miki/Collections/' took 0.00s
[2020.03.02-15.07.09:682][  0]LogFileCache: Scanning file cache for directory 'D:/Documents/UnrealPlataformJoseMiki/PlataformasMiJo/Content/Collections/' took 0.00s
[2020.03.02-15.07.09:682][  0]LogContentBrowser: Native class hierarchy populated in 0.0288 seconds. Added 3019 classes and 723 folders.
[2020.03.02-15.07.09:716][  0]LogContentBrowser: Native class hierarchy updated for 'WidgetCarousel' in 0.0006 seconds. Added 0 classes and 0 folders.
[2020.03.02-15.07.11:186][  0]LogContentBrowser: Native class hierarchy updated for 'AddContentDialog' in 0.0009 seconds. Added 0 classes and 0 folders.
[2020.03.02-15.07.12:087][  0]LogSlate: Took 0.000783 seconds to synchronously load lazily loaded font '../../../Engine/Content/Slate/Fonts/Roboto-Regular.ttf' (155K)
[2020.03.02-15.07.12:121][  0]LogSlate: Took 0.000609 seconds to synchronously load lazily loaded font '../../../Engine/Content/Slate/Fonts/Roboto-Bold.ttf' (160K)
[2020.03.02-15.07.12:236][  0]LogSlate: Took 0.093688 seconds to synchronously load lazily loaded font '../../../Engine/Content/Editor/Slate/Fonts/FontAwesome.ttf' (139K)
[2020.03.02-15.07.12:611][  0]LogRenderer: Reallocating scene render targets to support 1152x644 Format 9 NumSamples 1 (Frame:1).
[2020.03.02-15.07.12:931][  0]LogContentBrowser: Native class hierarchy updated for 'HierarchicalLODOutliner' in 0.0007 seconds. Added 0 classes and 0 folders.
[2020.03.02-15.07.12:931][  0]LogLoad: (Engine Initialization) Total time: 24.81 seconds
[2020.03.02-15.07.12:931][  0]LogLoad: (Engine Initialization) Total Blueprint compile time: 0.00 seconds
[2020.03.02-15.07.13:001][  0]LogContentStreaming: Texture pool size now 600 MB
[2020.03.02-15.07.14:208][ 16]LogAssetRegistry: Asset discovery search completed in 16.2455 seconds
[2020.03.02-15.07.14:221][ 16]LogCollectionManager: Fixed up redirectors for 0 collections in 0.000026 seconds (updated 0 objects)
[2020.03.02-15.07.17:276][ 25]LogSlate: Took 0.026482 seconds to synchronously load lazily loaded font '../../../Engine/Content/Slate/Fonts/Roboto-Light.ttf' (167K)
[2020.03.02-15.07.30:023][188]LogSlate: Took 0.000336 seconds to synchronously load lazily loaded font '../../../Engine/Content/Slate/Fonts/Roboto-Light.ttf' (167K)
[2020.03.02-15.07.38:683][188]LogAIModule: Creating AISystem for world Mapbase
[2020.03.02-15.07.39:180][188]LogAssetEditorSubsystem: Opening Asset editor for World /Game/Maps/Mapbase.Mapbase
[2020.03.02-15.07.39:271][188]LogUObjectHash: Compacting FUObjectHashTables data took   5.71ms
[2020.03.02-15.07.39:306][188]Cmd: MAP LOAD FILE="../../../../../../Documents/UnrealPlataformJoseMiki/PlataformasMiJo/Content/Maps/Mapbase.umap" TEMPLATE=0 SHOWPROGRESS=1 FEATURELEVEL=3
[2020.03.02-15.07.39:307][188]LightingResults: New page: Lighting Build
[2020.03.02-15.07.39:308][188]LoadErrors: New page: Loading map: Mapbase.umap
[2020.03.02-15.07.39:314][188]LogWorld: UWorld::CleanupWorld for MainMenu, bSessionEnded=true, bCleanupResources=true
[2020.03.02-15.07.39:314][188]LogSlate: InvalidateAllWidgets triggered.  All widgets were invalidated
[2020.03.02-15.07.39:329][188]MapCheck: New page: Map Check
[2020.03.02-15.07.39:329][188]LightingResults: New page: Lighting Build
[2020.03.02-15.07.39:377][188]LogUObjectHash: Compacting FUObjectHashTables data took   3.96ms
[2020.03.02-15.07.54:306][188]LogEditorServer: Finished looking for orphan Actors (0.000 secs)
[2020.03.02-15.07.54:469][188]LogUObjectHash: Compacting FUObjectHashTables data took   3.12ms
[2020.03.02-15.07.54:530][188]Cmd: MAP CHECKDEP NOCLEARLOG
[2020.03.02-15.07.54:532][188]MapCheck: Map check complete: 0 Error(s), 0 Warning(s), took 2.03ms to complete.
[2020.03.02-15.07.54:532][188]LogFileHelpers: Loading map 'Mapbase' took 15.236
[2020.03.02-15.08.15:279][273]LogAssetEditorSubsystem: Opening Asset editor for Blueprint /Game/FirstPersonBP/Blueprints/FirstPersonCharacter.FirstPersonCharacter
[2020.03.02-15.08.15:940][273]LogContentBrowser: Native class hierarchy updated for 'BlueprintGraph' in 0.0009 seconds. Added 121 classes and 0 folders.
[2020.03.02-15.08.18:547][273]LogSlate: Took 0.000608 seconds to synchronously load lazily loaded font '../../../Engine/Content/Slate/Fonts/Roboto-BoldCondensed.ttf' (158K)
[2020.03.02-15.08.31:886][324]LogSlate: Took 0.027125 seconds to synchronously load lazily loaded font '../../../Engine/Content/Slate/Fonts/Roboto-Italic.ttf' (157K)
[2020.03.02-15.10.23:118][540]LogHttp: Warning: 000002AD9CA3A5C0: invalid HTTP response code received. URL: https://datarouter.ol.epicgames.com/datarouter/api/v1/public/data?SessionID=%7BD96E6693-45A0-B2E5-6CD6-E1AA9C77A2AD%7D&AppID=UEEditor.Rocket.Release&AppVersion=4.24.2-11100242%2B%2B%2BUE4%2BRelease-4.24&UserID=439c9f0b43e888ebe82d8098dda3cf27%7C357903d3fa044b5a92366bf1cfa5491d%7C9478c8a1-0a48-4c61-b360-6e16fd62bf2b&AppEnvironment=datacollector-binary&UploadType=eteventstream, HTTP code: 0, content length: 0, actual payload size: 0
[2020.03.02-15.10.23:119][540]LogHttp: Warning: 000002AD9CA3A5C0: request failed, libcurl error: 56 (Failure when receiving data from the peer)
[2020.03.02-15.10.23:119][540]LogHttp: Warning: 000002AD9CA3A5C0: libcurl info message cache 0 (Found bundle for host datarouter.ol.epicgames.com: 0x2ad6ee1ff70 [can pipeline])
[2020.03.02-15.10.23:119][540]LogHttp: Warning: 000002AD9CA3A5C0: libcurl info message cache 1 (Re-using existing connection! (#0) with host datarouter.ol.epicgames.com)
[2020.03.02-15.10.23:119][540]LogHttp: Warning: 000002AD9CA3A5C0: libcurl info message cache 2 (Connected to datarouter.ol.epicgames.com (54.88.130.39) port 443 (#0))
[2020.03.02-15.10.23:119][540]LogHttp: Warning: 000002AD9CA3A5C0: libcurl info message cache 3 (We are completely uploaded and fine)
[2020.03.02-15.10.23:119][540]LogHttp: Warning: 000002AD9CA3A5C0: libcurl info message cache 4 (OpenSSL SSL_read: SSL_ERROR_SYSCALL, errno 10054)
[2020.03.02-15.10.23:119][540]LogHttp: Warning: 000002AD9CA3A5C0: libcurl info message cache 5 (Connection died, retrying a fresh connect)
[2020.03.02-15.10.23:119][540]LogHttp: Warning: 000002AD9CA3A5C0: libcurl info message cache 6 (necessary data rewind wasn't possible)
[2020.03.02-15.10.23:120][540]LogHttp: Warning: 000002AD9CA3A5C0: libcurl info message cache 7 (Closing connection 0)
[2020.03.02-15.10.23:120][540]LogHttp: Warning: Retry exhausted on https://datarouter.ol.epicgames.com/datarouter/api/v1/public/data?SessionID=%7BD96E6693-45A0-B2E5-6CD6-E1AA9C77A2AD%7D&AppID=UEEditor.Rocket.Release&AppVersion=4.24.2-11100242%2B%2B%2BUE4%2BRelease-4.24&UserID=439c9f0b43e888ebe82d8098dda3cf27%7C357903d3fa044b5a92366bf1cfa5491d%7C9478c8a1-0a48-4c61-b360-6e16fd62bf2b&AppEnvironment=datacollector-binary&UploadType=eteventstream
[2020.03.02-15.14.26:165][465]LogD3D11RHI: Timed out while waiting for GPU to catch up. (0.5 s) (ErrorCode 00000001)
[2020.03.02-15.14.26:256][466]LogD3D11RHI: Error: Result failed 
 at D:/Build/++UE4/Sync/Engine/Source/Runtime/Windows/D3D11RHI/Private/D3D11Query.cpp:348 
 with error DXGI_ERROR_DEVICE_REMOVED DXGI_ERROR_DEVICE_HUNG
[2020.03.02-15.14.26:256][466]LogD3D11RHI: [Aftermath] GDynamicRHI=000002AD729F20C0, GDX11NVAfterMathEnabled=0, Result=0xFFFFFFFF, bDeviceActive=0
[2020.03.02-15.14.26:256][466]LogWindows: Windows GetLastError: La operación se completó correctamente. (0)
[2020.03.02-15.14.29:258][466]LogOutputDevice: Warning: 

Script Stack (0 frames):

[2020.03.02-15.14.29:258][466]LogWindows: Windows GetLastError: La operación se completó correctamente. (0)
[2020.03.02-15.14.29:266][466]LogThreadingWindows: Error: Runnable thread RenderThread 1 crashed.
[2020.03.02-15.14.29:266][466]LogWindows: Error: === Critical error: ===
[2020.03.02-15.14.29:266][466]LogWindows: Error: 
[2020.03.02-15.14.29:266][466]LogWindows: Error: Fatal error: [File:D:/Build/++UE4/Sync/Engine/Source/Runtime/RenderCore/Private/RenderingThread.cpp] [Line: 853] 
[2020.03.02-15.14.29:266][466]LogWindows: Error: Rendering thread exception:
[2020.03.02-15.14.29:266][466]LogWindows: Error: Fatal error: [File:D:/Build/++UE4/Sync/Engine/Source/Runtime/Windows/D3D11RHI/Private/D3D11Util.cpp] [Line: 198] 
[2020.03.02-15.14.29:266][466]LogWindows: Error: Unreal Engine is exiting due to D3D device being lost. (Error: 0x887A0006 - 'HUNG')
[2020.03.02-15.14.29:266][466]LogWindows: Error: 
[2020.03.02-15.14.29:266][466]LogWindows: Error: 
[2020.03.02-15.14.29:266][466]LogWindows: Error: Unhandled Exception: 0x00008000
[2020.03.02-15.14.29:266][466]LogWindows: Error: 
[2020.03.02-15.14.29:266][466]LogWindows: Error: [Callstack] 0x00007ff975b4a839 KERNELBASE.dll!UnknownFunction []
[2020.03.02-15.14.29:266][466]LogWindows: Error: [Callstack] 0x00007ff9145fc356 UE4Editor-Core.dll!UnknownFunction []
[2020.03.02-15.14.29:266][466]LogWindows: Error: [Callstack] 0x00007ff9145fde41 UE4Editor-Core.dll!UnknownFunction []
[2020.03.02-15.14.29:266][466]LogWindows: Error: [Callstack] 0x00007ff9143b2c7d UE4Editor-Core.dll!UnknownFunction []
[2020.03.02-15.14.29:266][466]LogWindows: Error: [Callstack] 0x00007ff90a9113c9 UE4Editor-D3D11RHI.dll!UnknownFunction []
[2020.03.02-15.14.29:266][466]LogWindows: Error: [Callstack] 0x00007ff90a915b9f UE4Editor-D3D11RHI.dll!UnknownFunction []
[2020.03.02-15.14.29:266][466]LogWindows: Error: [Callstack] 0x00007ff90a8edb04 UE4Editor-D3D11RHI.dll!UnknownFunction []
[2020.03.02-15.14.29:266][466]LogWindows: Error: [Callstack] 0x00007ff90a902c1d UE4Editor-D3D11RHI.dll!UnknownFunction []
[2020.03.02-15.14.29:266][466]LogWindows: Error: [Callstack] 0x00007ff94381b920 UE4Editor-RHI.dll!UnknownFunction []
[2020.03.02-15.14.29:266][466]LogWindows: Error: [Callstack] 0x00007ff94381eff0 UE4Editor-RHI.dll!UnknownFunction []
[2020.03.02-15.14.29:266][466]LogWindows: Error: [Callstack] 0x00007ff94381eacf UE4Editor-RHI.dll!UnknownFunction []
[2020.03.02-15.14.29:266][466]LogWindows: Error: [Callstack] 0x00007ff94381fc8b UE4Editor-RHI.dll!UnknownFunction []
[2020.03.02-15.14.29:266][466]LogWindows: Error: [Callstack] 0x00007ff943812162 UE4Editor-RHI.dll!UnknownFunction []
[2020.03.02-15.14.29:266][466]LogWindows: Error: [Callstack] 0x00007ff90a66765a UE4Editor-SlateRHIRenderer.dll!UnknownFunction []
[2020.03.02-15.14.29:266][466]LogWindows: Error: [Callstack] 0x00007ff90a65c8ac UE4Editor-SlateRHIRenderer.dll!UnknownFunction []
[2020.03.02-15.14.29:266][466]LogWindows: Error: [Callstack] 0x00007ff90a66f60c UE4Editor-SlateRHIRenderer.dll!UnknownFunction []
[2020.03.02-15.14.29:266][466]LogWindows: Error: [Callstack] 0x00007ff914189ff2 UE4Editor-Core.dll!UnknownFunction []
[2020.03.02-15.14.29:266][466]LogWindows: Error: [Callstack] 0x00007ff91418a393 UE4Editor-Core.dll!UnknownFunction []
[2020.03.02-15.14.29:266][466]LogWindows: Error: [Callstack] 0x00007ff947035391 UE4Editor-RenderCore.dll!UnknownFunction []
[2020.03.02-15.14.29:266][466]LogWindows: Error: [Callstack] 0x00007ff94703e254 UE4Editor-RenderCore.dll!UnknownFunction []
[2020.03.02-15.14.29:266][466]LogWindows: Error: [Callstack] 0x00007ff91460380f UE4Editor-Core.dll!UnknownFunction []
[2020.03.02-15.14.29:266][466]LogWindows: Error: [Callstack] 0x00007ff914603644 UE4Editor-Core.dll!UnknownFunction []
[2020.03.02-15.14.29:266][466]LogWindows: Error: [Callstack] 0x00007ff977bd7bd4 KERNEL32.DLL!UnknownFunction []
[2020.03.02-15.14.29:266][466]LogWindows: Error: [Callstack] 0x00007ff978b6ced1 ntdll.dll!UnknownFunction []
[2020.03.02-15.14.29:266][466]LogWindows: Error: 
[2020.03.02-15.14.29:266][466]LogWindows: Error: 
[2020.03.02-15.14.29:266][466]LogWindows: Error: 
[2020.03.02-15.14.29:266][466]LogWindows: Error: 
[2020.03.02-15.14.29:266][466]LogWindows: Error: Crash in runnable thread RenderThread 1
[2020.03.02-15.14.29:278][466]LogWindows: Error: HandleError re-entered.
[2020.03.02-15.14.29:282][466]LogWindows: FPlatformMisc::RequestExit(1)
[2020.03.02-15.14.29:282][466]LogCore: Engine exit requested (reason: Win RequestExit)
[2020.03.02-15.14.29:330][466]Log file closed, 03/02/20 16:14:29
